<?xml version="1.0" encoding="UTF-8"?>
<!-- Generated by org.testng.reporters.JUnitXMLReporter -->
<testsuite hostname="KT-MAC-144.local" ignored="4" name="Default test" tests="2" failures="0" timestamp="20 Dec 2018 08:50:01 GMT" time="50.081" errors="0">
  <testcase name="userlogin" time="20.234" classname="com.TestNGTestCases.ForumScreenTest"/>
  <testcase name="userlogin" time="8.38" classname="com.TestNGTestCases.ForumScreenTest"/>
  <testcase name="validatemessagelowerthan10charalert" time="0.0" classname="com.TestNGTestCases.ForumScreenTest">
    <ignored/>
  </testcase> <!-- validatemessagelowerthan10charalert -->
  <testcase name="uploadimagevalidate" time="0.0" classname="com.TestNGTestCases.ForumScreenTest">
    <ignored/>
  </testcase> <!-- uploadimagevalidate -->
  <testcase name="createpostvalidate" time="0.0" classname="com.TestNGTestCases.ForumScreenTest">
    <ignored/>
  </testcase> <!-- createpostvalidate -->
  <testcase name="Validatelikfunctionalityonforum" time="0.0" classname="com.TestNGTestCases.ForumScreenTest">
    <ignored/>
  </testcase> <!-- Validatelikfunctionalityonforum -->
</testsuite> <!-- Default test -->
