<?xml version="1.0" encoding="UTF-8"?>
<testng-results skipped="0" failed="0" ignored="4" total="6" passed="2">
  <reporter-output>
  </reporter-output>
  <suite name="Default suite" duration-ms="50081" started-at="2018-12-20T08:49:11Z" finished-at="2018-12-20T08:50:01Z">
    <groups>
    </groups>
    <test name="Default test" duration-ms="50081" started-at="2018-12-20T08:49:11Z" finished-at="2018-12-20T08:50:01Z">
      <class name="com.TestNGTestCases.ForumScreenTest">
        <test-method status="PASS" signature="setup()[pri:0, instance:com.TestNGTestCases.ForumScreenTest@1ce92674]" name="setup" is-config="true" duration-ms="12090" started-at="2018-12-20T08:49:12Z" finished-at="2018-12-20T08:49:24Z">
          <reporter-output>
          </reporter-output>
        </test-method> <!-- setup -->
        <test-method status="PASS" signature="userlogin(java.lang.String, java.lang.String)[pri:0, instance:com.TestNGTestCases.ForumScreenTest@1ce92674]" name="userlogin" duration-ms="20234" started-at="2018-12-20T08:49:24Z" data-provider="getdata" finished-at="2018-12-20T08:49:44Z">
          <params>
            <param index="0">
              <value>
                <![CDATA[kartik50]]>
              </value>
            </param>
            <param index="1">
              <value>
                <![CDATA[Sam@123456789]]>
              </value>
            </param>
          </params>
          <reporter-output>
          </reporter-output>
        </test-method> <!-- userlogin -->
        <test-method status="PASS" signature="clean()[pri:0, instance:com.TestNGTestCases.ForumScreenTest@1ce92674]" name="clean" is-config="true" duration-ms="154" started-at="2018-12-20T08:49:44Z" finished-at="2018-12-20T08:49:44Z">
          <reporter-output>
          </reporter-output>
        </test-method> <!-- clean -->
        <test-method status="PASS" signature="setup()[pri:0, instance:com.TestNGTestCases.ForumScreenTest@1ce92674]" name="setup" is-config="true" duration-ms="7863" started-at="2018-12-20T08:49:44Z" finished-at="2018-12-20T08:49:52Z">
          <reporter-output>
          </reporter-output>
        </test-method> <!-- setup -->
        <test-method status="PASS" signature="userlogin(java.lang.String, java.lang.String)[pri:0, instance:com.TestNGTestCases.ForumScreenTest@1ce92674]" name="userlogin" duration-ms="8380" started-at="2018-12-20T08:49:52Z" data-provider="getdata" finished-at="2018-12-20T08:50:01Z">
          <params>
            <param index="0">
              <value>
                <![CDATA[karrtik50]]>
              </value>
            </param>
            <param index="1">
              <value>
                <![CDATA[Sam@123456789]]>
              </value>
            </param>
          </params>
          <reporter-output>
          </reporter-output>
        </test-method> <!-- userlogin -->
        <test-method status="PASS" signature="clean()[pri:0, instance:com.TestNGTestCases.ForumScreenTest@1ce92674]" name="clean" is-config="true" duration-ms="126" started-at="2018-12-20T08:50:01Z" finished-at="2018-12-20T08:50:01Z">
          <reporter-output>
          </reporter-output>
        </test-method> <!-- clean -->
      </class> <!-- com.TestNGTestCases.ForumScreenTest -->
    </test> <!-- Default test -->
  </suite> <!-- Default suite -->
</testng-results>
